<?xml version="1.0" encoding="UTF-8"?>
<testng-results ignored="0" total="0" passed="0" failed="0" skipped="0">
  <reporter-output>
  </reporter-output>
  <suite started-at="2022-10-13T15:57:39 IST" name="pageFactory.Test_case" finished-at="2022-10-13T15:57:39 IST" duration-ms="37">
    <groups>
    </groups>
    <test started-at="2022-10-13T15:57:39 IST" name="Command line test" finished-at="2022-10-13T15:57:39 IST" duration-ms="37">
    </test> <!-- Command line test -->
  </suite> <!-- pageFactory.Test_case -->
</testng-results>
