<?xml version="1.0" encoding="UTF-8"?>
<testng-results ignored="0" total="7" passed="7" failed="0" skipped="0">
  <reporter-output>
  </reporter-output>
  <suite started-at="2022-10-13T10:34:52 IST" name="Suite" finished-at="2022-10-13T10:39:08 IST" duration-ms="256574">
    <groups>
      <group name="cucumber">
        <method signature="AbstractTestNGCucumberTests.runScenario(io.cucumber.testng.PickleWrapper,io.cucumber.testng.FeatureWrapper)[pri:0, instance:testRunner.DocumentDetailsRunner@7e057f43]" name="runScenario" class="io.cucumber.testng.AbstractTestNGCucumberTests"/>
        <method signature="AbstractTestNGCucumberTests.runScenario(io.cucumber.testng.PickleWrapper,io.cucumber.testng.FeatureWrapper)[pri:0, instance:testRunner.LoginRunner@2767e23c]" name="runScenario" class="io.cucumber.testng.AbstractTestNGCucumberTests"/>
        <method signature="AbstractTestNGCucumberTests.runScenario(io.cucumber.testng.PickleWrapper,io.cucumber.testng.FeatureWrapper)[pri:0, instance:testRunner.OrderDetailsRunner@6c284af]" name="runScenario" class="io.cucumber.testng.AbstractTestNGCucumberTests"/>
        <method signature="AbstractTestNGCucumberTests.runScenario(io.cucumber.testng.PickleWrapper,io.cucumber.testng.FeatureWrapper)[pri:0, instance:testRunner.ProfileDetailsEditRunner@6e9a5ed8]" name="runScenario" class="io.cucumber.testng.AbstractTestNGCucumberTests"/>
        <method signature="AbstractTestNGCucumberTests.runScenario(io.cucumber.testng.PickleWrapper,io.cucumber.testng.FeatureWrapper)[pri:0, instance:testRunner.ProfileDetailsRunner@268f106e]" name="runScenario" class="io.cucumber.testng.AbstractTestNGCucumberTests"/>
        <method signature="AbstractTestNGCucumberTests.runScenario(io.cucumber.testng.PickleWrapper,io.cucumber.testng.FeatureWrapper)[pri:0, instance:testRunner.SignupRunner@5b247367]" name="runScenario" class="io.cucumber.testng.AbstractTestNGCucumberTests"/>
      </group> <!-- cucumber -->
    </groups>
    <test started-at="2022-10-13T10:34:52 IST" name="Test" finished-at="2022-10-13T10:39:08 IST" duration-ms="256574">
      <class name="testRunner.ProfileDetailsRunner">
        <test-method is-config="true" signature="setUpClass(org.testng.ITestContext)[pri:0, instance:testRunner.ProfileDetailsRunner@268f106e]" started-at="2022-10-13T10:35:47 IST" name="setUpClass" finished-at="2022-10-13T10:35:47 IST" duration-ms="10" status="PASS">
          <params>
            <param index="0">
              <value>
                <![CDATA[org.testng.TestRunner@33bdd01]]>
              </value>
            </param>
          </params>
          <reporter-output>
          </reporter-output>
        </test-method> <!-- setUpClass -->
        <test-method signature="runScenario(io.cucumber.testng.PickleWrapper,io.cucumber.testng.FeatureWrapper)[pri:0, instance:testRunner.ProfileDetailsRunner@268f106e]" started-at="2022-10-13T10:35:47 IST" name="runScenario" description="Runs Cucumber Scenarios" data-provider="scenarios" finished-at="2022-10-13T10:36:27 IST" duration-ms="39662" status="PASS">
          <params>
            <param index="0">
              <value>
                <![CDATA["Access the profile page"]]>
              </value>
            </param>
            <param index="1">
              <value>
                <![CDATA["AsianpaintsProfileDetails"]]>
              </value>
            </param>
          </params>
          <reporter-output>
          </reporter-output>
        </test-method> <!-- runScenario -->
        <test-method is-config="true" signature="tearDownClass()[pri:0, instance:testRunner.ProfileDetailsRunner@268f106e]" started-at="2022-10-13T10:36:27 IST" name="tearDownClass" finished-at="2022-10-13T10:36:27 IST" duration-ms="2" status="PASS">
          <reporter-output>
          </reporter-output>
        </test-method> <!-- tearDownClass -->
      </class> <!-- testRunner.ProfileDetailsRunner -->
      <class name="testRunner.ProfileDetailsEditRunner">
        <test-method is-config="true" signature="setUpClass(org.testng.ITestContext)[pri:0, instance:testRunner.ProfileDetailsEditRunner@6e9a5ed8]" started-at="2022-10-13T10:36:27 IST" name="setUpClass" finished-at="2022-10-13T10:36:27 IST" duration-ms="41" status="PASS">
          <params>
            <param index="0">
              <value>
                <![CDATA[org.testng.TestRunner@33bdd01]]>
              </value>
            </param>
          </params>
          <reporter-output>
          </reporter-output>
        </test-method> <!-- setUpClass -->
        <test-method signature="runScenario(io.cucumber.testng.PickleWrapper,io.cucumber.testng.FeatureWrapper)[pri:0, instance:testRunner.ProfileDetailsEditRunner@6e9a5ed8]" started-at="2022-10-13T10:36:27 IST" name="runScenario" description="Runs Cucumber Scenarios" data-provider="scenarios" finished-at="2022-10-13T10:37:06 IST" duration-ms="39524" status="PASS">
          <params>
            <param index="0">
              <value>
                <![CDATA["Access the profile page and edit details"]]>
              </value>
            </param>
            <param index="1">
              <value>
                <![CDATA["AsianpaintsProfileDetailsEdit"]]>
              </value>
            </param>
          </params>
          <reporter-output>
          </reporter-output>
        </test-method> <!-- runScenario -->
        <test-method signature="runScenario(io.cucumber.testng.PickleWrapper,io.cucumber.testng.FeatureWrapper)[pri:0, instance:testRunner.ProfileDetailsEditRunner@6e9a5ed8]" started-at="2022-10-13T10:37:06 IST" name="runScenario" description="Runs Cucumber Scenarios" data-provider="scenarios" finished-at="2022-10-13T10:37:45 IST" duration-ms="38928" status="PASS">
          <params>
            <param index="0">
              <value>
                <![CDATA["Access the profile page and edit details"]]>
              </value>
            </param>
            <param index="1">
              <value>
                <![CDATA["AsianpaintsProfileDetailsEdit"]]>
              </value>
            </param>
          </params>
          <reporter-output>
          </reporter-output>
        </test-method> <!-- runScenario -->
        <test-method is-config="true" signature="tearDownClass()[pri:0, instance:testRunner.ProfileDetailsEditRunner@6e9a5ed8]" started-at="2022-10-13T10:37:45 IST" name="tearDownClass" finished-at="2022-10-13T10:37:45 IST" duration-ms="3" status="PASS">
          <reporter-output>
          </reporter-output>
        </test-method> <!-- tearDownClass -->
      </class> <!-- testRunner.ProfileDetailsEditRunner -->
      <class name="testRunner.SignupRunner">
        <test-method is-config="true" signature="setUpClass(org.testng.ITestContext)[pri:0, instance:testRunner.SignupRunner@5b247367]" started-at="2022-10-13T10:35:19 IST" name="setUpClass" finished-at="2022-10-13T10:35:19 IST" duration-ms="13" status="PASS">
          <params>
            <param index="0">
              <value>
                <![CDATA[org.testng.TestRunner@33bdd01]]>
              </value>
            </param>
          </params>
          <reporter-output>
          </reporter-output>
        </test-method> <!-- setUpClass -->
        <test-method signature="runScenario(io.cucumber.testng.PickleWrapper,io.cucumber.testng.FeatureWrapper)[pri:0, instance:testRunner.SignupRunner@5b247367]" started-at="2022-10-13T10:35:19 IST" name="runScenario" description="Runs Cucumber Scenarios" data-provider="scenarios" finished-at="2022-10-13T10:35:47 IST" duration-ms="27771" status="PASS">
          <params>
            <param index="0">
              <value>
                <![CDATA["Signup successful"]]>
              </value>
            </param>
            <param index="1">
              <value>
                <![CDATA["AsianpaintsSignup"]]>
              </value>
            </param>
          </params>
          <reporter-output>
          </reporter-output>
        </test-method> <!-- runScenario -->
        <test-method is-config="true" signature="tearDownClass()[pri:0, instance:testRunner.SignupRunner@5b247367]" started-at="2022-10-13T10:35:47 IST" name="tearDownClass" finished-at="2022-10-13T10:35:47 IST" duration-ms="6" status="PASS">
          <reporter-output>
          </reporter-output>
        </test-method> <!-- tearDownClass -->
      </class> <!-- testRunner.SignupRunner -->
      <class name="testRunner.DocumentDetailsRunner">
        <test-method is-config="true" signature="setUpClass(org.testng.ITestContext)[pri:0, instance:testRunner.DocumentDetailsRunner@7e057f43]" started-at="2022-10-13T10:37:45 IST" name="setUpClass" finished-at="2022-10-13T10:37:45 IST" duration-ms="16" status="PASS">
          <params>
            <param index="0">
              <value>
                <![CDATA[org.testng.TestRunner@33bdd01]]>
              </value>
            </param>
          </params>
          <reporter-output>
          </reporter-output>
        </test-method> <!-- setUpClass -->
        <test-method signature="runScenario(io.cucumber.testng.PickleWrapper,io.cucumber.testng.FeatureWrapper)[pri:0, instance:testRunner.DocumentDetailsRunner@7e057f43]" started-at="2022-10-13T10:37:45 IST" name="runScenario" description="Runs Cucumber Scenarios" data-provider="scenarios" finished-at="2022-10-13T10:38:26 IST" duration-ms="41027" status="PASS">
          <params>
            <param index="0">
              <value>
                <![CDATA["Access the document page"]]>
              </value>
            </param>
            <param index="1">
              <value>
                <![CDATA["AsianpaintsDocumentDetails"]]>
              </value>
            </param>
          </params>
          <reporter-output>
          </reporter-output>
        </test-method> <!-- runScenario -->
        <test-method is-config="true" signature="tearDownClass()[pri:0, instance:testRunner.DocumentDetailsRunner@7e057f43]" started-at="2022-10-13T10:38:26 IST" name="tearDownClass" finished-at="2022-10-13T10:38:26 IST" duration-ms="3" status="PASS">
          <reporter-output>
          </reporter-output>
        </test-method> <!-- tearDownClass -->
      </class> <!-- testRunner.DocumentDetailsRunner -->
      <class name="testRunner.OrderDetailsRunner">
        <test-method is-config="true" signature="setUpClass(org.testng.ITestContext)[pri:0, instance:testRunner.OrderDetailsRunner@6c284af]" started-at="2022-10-13T10:38:26 IST" name="setUpClass" finished-at="2022-10-13T10:38:26 IST" duration-ms="17" status="PASS">
          <params>
            <param index="0">
              <value>
                <![CDATA[org.testng.TestRunner@33bdd01]]>
              </value>
            </param>
          </params>
          <reporter-output>
          </reporter-output>
        </test-method> <!-- setUpClass -->
        <test-method signature="runScenario(io.cucumber.testng.PickleWrapper,io.cucumber.testng.FeatureWrapper)[pri:0, instance:testRunner.OrderDetailsRunner@6c284af]" started-at="2022-10-13T10:38:26 IST" name="runScenario" description="Runs Cucumber Scenarios" data-provider="scenarios" finished-at="2022-10-13T10:39:08 IST" duration-ms="42251" status="PASS">
          <params>
            <param index="0">
              <value>
                <![CDATA["Access the order page"]]>
              </value>
            </param>
            <param index="1">
              <value>
                <![CDATA["AsianpaintsOrderDetails"]]>
              </value>
            </param>
          </params>
          <reporter-output>
          </reporter-output>
        </test-method> <!-- runScenario -->
        <test-method is-config="true" signature="tearDownClass()[pri:0, instance:testRunner.OrderDetailsRunner@6c284af]" started-at="2022-10-13T10:39:08 IST" name="tearDownClass" finished-at="2022-10-13T10:39:08 IST" duration-ms="2" status="PASS">
          <reporter-output>
          </reporter-output>
        </test-method> <!-- tearDownClass -->
      </class> <!-- testRunner.OrderDetailsRunner -->
      <class name="testRunner.LoginRunner">
        <test-method is-config="true" signature="setUpClass(org.testng.ITestContext)[pri:0, instance:testRunner.LoginRunner@2767e23c]" started-at="2022-10-13T10:34:52 IST" name="setUpClass" finished-at="2022-10-13T10:34:52 IST" duration-ms="193" status="PASS">
          <params>
            <param index="0">
              <value>
                <![CDATA[org.testng.TestRunner@33bdd01]]>
              </value>
            </param>
          </params>
          <reporter-output>
          </reporter-output>
        </test-method> <!-- setUpClass -->
        <test-method signature="runScenario(io.cucumber.testng.PickleWrapper,io.cucumber.testng.FeatureWrapper)[pri:0, instance:testRunner.LoginRunner@2767e23c]" started-at="2022-10-13T10:34:52 IST" name="runScenario" description="Runs Cucumber Scenarios" data-provider="scenarios" finished-at="2022-10-13T10:35:19 IST" duration-ms="27026" status="PASS">
          <params>
            <param index="0">
              <value>
                <![CDATA["Login successful"]]>
              </value>
            </param>
            <param index="1">
              <value>
                <![CDATA["AsianpaintsLogin"]]>
              </value>
            </param>
          </params>
          <reporter-output>
          </reporter-output>
        </test-method> <!-- runScenario -->
        <test-method is-config="true" signature="tearDownClass()[pri:0, instance:testRunner.LoginRunner@2767e23c]" started-at="2022-10-13T10:35:19 IST" name="tearDownClass" finished-at="2022-10-13T10:35:19 IST" duration-ms="8" status="PASS">
          <reporter-output>
          </reporter-output>
        </test-method> <!-- tearDownClass -->
      </class> <!-- testRunner.LoginRunner -->
    </test> <!-- Test -->
  </suite> <!-- Suite -->
</testng-results>
